[2024-07-20T03:49:38.864+0000] {local_task_job_runner.py:120} INFO - ::group::Pre task execution logs
[2024-07-20T03:49:38.883+0000] {taskinstance.py:2076} INFO - Dependencies all met for dep_context=non-requeueable deps ti=<TaskInstance: my_first_pipeline.rungradio manual__2024-07-20T03:44:39.332909+00:00 [queued]>
[2024-07-20T03:49:38.889+0000] {taskinstance.py:2076} INFO - Dependencies all met for dep_context=requeueable deps ti=<TaskInstance: my_first_pipeline.rungradio manual__2024-07-20T03:44:39.332909+00:00 [queued]>
[2024-07-20T03:49:38.890+0000] {taskinstance.py:2306} INFO - Starting attempt 1 of 2
[2024-07-20T03:49:38.913+0000] {taskinstance.py:2330} INFO - Executing <Task(PythonOperator): rungradio> on 2024-07-20 03:44:39.332909+00:00
[2024-07-20T03:49:38.923+0000] {standard_task_runner.py:64} INFO - Started process 393 to run task
[2024-07-20T03:49:38.926+0000] {standard_task_runner.py:90} INFO - Running: ['airflow', 'tasks', 'run', 'my_first_pipeline', 'rungradio', 'manual__2024-07-20T03:44:39.332909+00:00', '--job-id', '6', '--raw', '--subdir', 'DAGS_FOLDER/dag_examne.py', '--cfg-path', '/tmp/tmptsszk263']
[2024-07-20T03:49:38.927+0000] {standard_task_runner.py:91} INFO - Job 6: Subtask rungradio
[2024-07-20T03:49:38.970+0000] {task_command.py:426} INFO - Running <TaskInstance: my_first_pipeline.rungradio manual__2024-07-20T03:44:39.332909+00:00 [running]> on host fb6a10e6c01a
[2024-07-20T03:49:39.038+0000] {taskinstance.py:2648} INFO - Exporting env vars: AIRFLOW_CTX_DAG_OWNER='jabier' AIRFLOW_CTX_DAG_ID='my_first_pipeline' AIRFLOW_CTX_TASK_ID='rungradio' AIRFLOW_CTX_EXECUTION_DATE='2024-07-20T03:44:39.332909+00:00' AIRFLOW_CTX_TRY_NUMBER='1' AIRFLOW_CTX_DAG_RUN_ID='manual__2024-07-20T03:44:39.332909+00:00'
[2024-07-20T03:49:39.040+0000] {taskinstance.py:430} INFO - ::endgroup::
[2024-07-20T03:49:39.344+0000] {logging_mixin.py:188} INFO - Running on local URL:  http://127.0.0.1:7860
[2024-07-20T03:49:39.376+0000] {_client.py:1026} INFO - HTTP Request: GET http://127.0.0.1:7860/startup-events "HTTP/1.1 200 OK"
[2024-07-20T03:49:39.401+0000] {_client.py:1026} INFO - HTTP Request: HEAD http://127.0.0.1:7860/ "HTTP/1.1 200 OK"
[2024-07-20T03:49:39.554+0000] {_client.py:1026} INFO - HTTP Request: GET https://checkip.amazonaws.com/ "HTTP/1.1 200 "
[2024-07-20T03:49:39.972+0000] {_client.py:1026} INFO - HTTP Request: GET https://api.gradio.app/pkg-version "HTTP/1.1 200 OK"
[2024-07-20T03:49:40.215+0000] {_client.py:1026} INFO - HTTP Request: GET https://api.gradio.app/v2/tunnel-request "HTTP/1.1 200 OK"
[2024-07-20T03:49:40.454+0000] {_client.py:1026} INFO - HTTP Request: GET https://cdn-media.huggingface.co/frpc-gradio-0.2/frpc_linux_amd64 "HTTP/1.1 200 OK"
[2024-07-20T03:49:42.120+0000] {logging_mixin.py:188} INFO - Running on public URL: https://da5dc14e6bb3b6fa33.gradio.live
[2024-07-20T03:49:42.121+0000] {logging_mixin.py:188} INFO - 
This share link expires in 72 hours. For free permanent hosting and GPU upgrades, run `gradio deploy` from Terminal to deploy to Spaces (https://huggingface.co/spaces)
