[2024-07-20T03:44:23.597+0000] {processor.py:161} INFO - Started process (PID=36) to work on /root/airflow/dags/dag_examne.py
[2024-07-20T03:44:23.598+0000] {processor.py:830} INFO - Processing file /root/airflow/dags/dag_examne.py for tasks to queue
[2024-07-20T03:44:23.600+0000] {logging_mixin.py:188} INFO - [2024-07-20T03:44:23.600+0000] {dagbag.py:545} INFO - Filling up the DagBag from /root/airflow/dags/dag_examne.py
[2024-07-20T03:44:28.226+0000] {logging_mixin.py:188} INFO - [2024-07-20T03:44:28.225+0000] {_client.py:1026} INFO - HTTP Request: GET https://api.gradio.app/gradio-messaging/en "HTTP/1.1 200 OK"
[2024-07-20T03:44:28.984+0000] {logging_mixin.py:188} INFO - [2024-07-20T03:44:28.984+0000] {font_manager.py:1584} INFO - generated new fontManager
[2024-07-20T03:44:29.284+0000] {processor.py:840} INFO - DAG(s) 'my_first_pipeline' retrieved from /root/airflow/dags/dag_examne.py
[2024-07-20T03:44:29.378+0000] {logging_mixin.py:188} INFO - [2024-07-20T03:44:29.377+0000] {override.py:1858} INFO - Created Permission View: can read on DAG:my_first_pipeline
[2024-07-20T03:44:29.407+0000] {logging_mixin.py:188} INFO - [2024-07-20T03:44:29.406+0000] {override.py:1858} INFO - Created Permission View: can edit on DAG:my_first_pipeline
[2024-07-20T03:44:29.424+0000] {logging_mixin.py:188} INFO - [2024-07-20T03:44:29.424+0000] {override.py:1858} INFO - Created Permission View: can delete on DAG:my_first_pipeline
[2024-07-20T03:44:29.426+0000] {logging_mixin.py:188} INFO - [2024-07-20T03:44:29.425+0000] {dag.py:3089} INFO - Sync 1 DAGs
[2024-07-20T03:44:29.435+0000] {logging_mixin.py:188} INFO - [2024-07-20T03:44:29.435+0000] {dag.py:3111} INFO - Creating ORM DAG for my_first_pipeline
[2024-07-20T03:44:29.437+0000] {logging_mixin.py:188} INFO - [2024-07-20T03:44:29.436+0000] {dag.py:3947} INFO - Setting next_dagrun for my_first_pipeline to None, run_after=None
[2024-07-20T03:44:29.478+0000] {processor.py:183} INFO - Processing /root/airflow/dags/dag_examne.py took 5.887 seconds
[2024-07-20T03:49:26.683+0000] {processor.py:161} INFO - Started process (PID=354) to work on /root/airflow/dags/dag_examne.py
[2024-07-20T03:49:26.685+0000] {processor.py:830} INFO - Processing file /root/airflow/dags/dag_examne.py for tasks to queue
[2024-07-20T03:49:26.688+0000] {logging_mixin.py:188} INFO - [2024-07-20T03:49:26.687+0000] {dagbag.py:545} INFO - Filling up the DagBag from /root/airflow/dags/dag_examne.py
[2024-07-20T03:49:31.062+0000] {logging_mixin.py:188} INFO - [2024-07-20T03:49:31.061+0000] {_client.py:1026} INFO - HTTP Request: GET https://api.gradio.app/gradio-messaging/en "HTTP/1.1 200 OK"
[2024-07-20T03:49:32.319+0000] {processor.py:840} INFO - DAG(s) 'my_first_pipeline' retrieved from /root/airflow/dags/dag_examne.py
[2024-07-20T03:49:32.336+0000] {logging_mixin.py:188} INFO - [2024-07-20T03:49:32.336+0000] {dag.py:3089} INFO - Sync 1 DAGs
[2024-07-20T03:49:32.366+0000] {logging_mixin.py:188} INFO - [2024-07-20T03:49:32.365+0000] {dag.py:3947} INFO - Setting next_dagrun for my_first_pipeline to None, run_after=None
[2024-07-20T03:49:32.406+0000] {processor.py:183} INFO - Processing /root/airflow/dags/dag_examne.py took 5.736 seconds
