[2024-07-20T03:44:23.431+0000] {manager.py:470} INFO - Processing files using up to 1 processes at a time 
[2024-07-20T03:44:23.433+0000] {manager.py:471} INFO - Process each file at most once every 30 seconds
[2024-07-20T03:44:23.435+0000] {manager.py:472} INFO - Checking for new files in /root/airflow/dags every 300 seconds
[2024-07-20T03:44:23.437+0000] {manager.py:737} INFO - Searching for files in /root/airflow/dags
[2024-07-20T03:44:23.499+0000] {manager.py:740} INFO - There are 52 files in /root/airflow/dags
[2024-07-20T03:44:29.526+0000] {manager.py:878} INFO - 
================================================================================
DAG File Processing Stats

File Path                                                                                                                PID    Runtime      # DAGs    # Errors  Last Runtime    Last Run
-----------------------------------------------------------------------------------------------------------------------  -----  ---------  --------  ----------  --------------  -------------------
/root/airflow/dags/dag_examne.py                                                                                                                  1           0  5.95s           2024-07-20T03:44:29
/usr/local/lib/python3.11/site-packages/airflow/example_dags/example_setup_teardown.py                                                            0           0
/usr/local/lib/python3.11/site-packages/airflow/example_dags/tutorial_taskflow_api_virtualenv.py                                                  0           0
/usr/local/lib/python3.11/site-packages/airflow/example_dags/tutorial.py                                                                          0           0
/usr/local/lib/python3.11/site-packages/airflow/example_dags/tutorial_taskflow_api.py                                                             0           0
/usr/local/lib/python3.11/site-packages/airflow/example_dags/example_sensors.py                                                                   0           0
/usr/local/lib/python3.11/site-packages/airflow/example_dags/example_task_group_decorator.py                                                      0           0
/usr/local/lib/python3.11/site-packages/airflow/example_dags/example_dynamic_task_mapping_with_no_taskflow_operators.py                           0           0
/usr/local/lib/python3.11/site-packages/airflow/example_dags/example_dag_decorator.py                                                             0           0
/usr/local/lib/python3.11/site-packages/airflow/example_dags/example_python_operator.py                                                           0           0
/usr/local/lib/python3.11/site-packages/airflow/example_dags/example_bash_decorator.py                                                            0           0
/usr/local/lib/python3.11/site-packages/airflow/example_dags/example_short_circuit_decorator.py                                                   0           0
/usr/local/lib/python3.11/site-packages/airflow/example_dags/example_nested_branch_dag.py                                                         0           0
/usr/local/lib/python3.11/site-packages/airflow/example_dags/example_branch_day_of_week_operator.py                                               0           0
/usr/local/lib/python3.11/site-packages/airflow/example_dags/example_sla_dag.py                                                                   0           0
/usr/local/lib/python3.11/site-packages/airflow/example_dags/example_branch_operator.py                                                           0           0
/usr/local/lib/python3.11/site-packages/airflow/example_dags/example_kubernetes_executor.py                                                       0           0
/usr/local/lib/python3.11/site-packages/airflow/example_dags/example_skip_dag.py                                                                  0           0
/usr/local/lib/python3.11/site-packages/airflow/example_dags/example_display_name.py                                                              0           0
/usr/local/lib/python3.11/site-packages/airflow/example_dags/example_params_trigger_ui.py                                                         0           0
/usr/local/lib/python3.11/site-packages/airflow/example_dags/example_dynamic_task_mapping.py                                                      0           0
/usr/local/lib/python3.11/site-packages/airflow/example_dags/example_branch_labels.py                                                             0           0
/usr/local/lib/python3.11/site-packages/airflow/example_dags/example_complex.py                                                                   0           0
/usr/local/lib/python3.11/site-packages/airflow/example_dags/example_passing_params_via_test_command.py                                           0           0
/usr/local/lib/python3.11/site-packages/airflow/example_dags/example_branch_python_dop_operator_3.py                                              0           0
/usr/local/lib/python3.11/site-packages/airflow/example_dags/example_datasets.py                                                                  0           0
/usr/local/lib/python3.11/site-packages/airflow/example_dags/example_params_ui_tutorial.py                                                        0           0
/usr/local/lib/python3.11/site-packages/airflow/example_dags/example_latest_only.py                                                               0           0
/usr/local/lib/python3.11/site-packages/airflow/example_dags/example_trigger_controller_dag.py                                                    0           0
/usr/local/lib/python3.11/site-packages/airflow/example_dags/example_xcomargs.py                                                                  0           0
/usr/local/lib/python3.11/site-packages/airflow/example_dags/tutorial_objectstorage.py                                                            0           0
/usr/local/lib/python3.11/site-packages/airflow/example_dags/example_xcom.py                                                                      0           0
/usr/local/lib/python3.11/site-packages/airflow/example_dags/example_task_group.py                                                                0           0
/usr/local/lib/python3.11/site-packages/airflow/example_dags/example_latest_only_with_trigger.py                                                  0           0
/usr/local/lib/python3.11/site-packages/airflow/example_dags/tutorial_dag.py                                                                      0           0
/usr/local/lib/python3.11/site-packages/airflow/example_dags/example_subdag_operator.py                                                           0           0
/usr/local/lib/python3.11/site-packages/airflow/example_dags/example_branch_datetime_operator.py                                                  0           0
/usr/local/lib/python3.11/site-packages/airflow/example_dags/example_short_circuit_operator.py                                                    0           0
/usr/local/lib/python3.11/site-packages/airflow/example_dags/example_bash_operator.py                                                             0           0
/usr/local/lib/python3.11/site-packages/airflow/example_dags/example_branch_operator_decorator.py                                                 0           0
/usr/local/lib/python3.11/site-packages/airflow/example_dags/example_python_decorator.py                                                          0           0
/usr/local/lib/python3.11/site-packages/airflow/example_dags/example_setup_teardown_taskflow.py                                                   0           0
/usr/local/lib/python3.11/site-packages/airflow/example_dags/example_time_delta_sensor_async.py                                                   0           0
/usr/local/lib/python3.11/site-packages/airflow/example_dags/example_sensor_decorator.py                                                          0           0
/usr/local/lib/python3.11/site-packages/airflow/example_dags/example_local_kubernetes_executor.py                                                 0           0
/usr/local/lib/python3.11/site-packages/airflow/example_dags/example_trigger_target_dag.py                                                        0           0
/usr/local/lib/python3.11/site-packages/airflow/example_dags/example_external_task_marker_dag.py                                                  0           0
/usr/local/lib/python3.11/site-packages/airflow/example_dags/plugins/workday.py                                                                   0           0
/usr/local/lib/python3.11/site-packages/airflow/example_dags/plugins/event_listener.py                                                            0           0
/usr/local/lib/python3.11/site-packages/airflow/example_dags/plugins/decreasing_priority_weight_strategy.py                                       0           0
/usr/local/lib/python3.11/site-packages/airflow/example_dags/plugins/listener_plugin.py                                                           0           0
/usr/local/lib/python3.11/site-packages/airflow/example_dags/subdags/subdag.py                                                                    0           0
================================================================================
[2024-07-20T03:45:27.262+0000] {manager.py:878} INFO - 
================================================================================
DAG File Processing Stats

File Path                                                                                                                PID    Runtime      # DAGs    # Errors  Last Runtime    Last Run
-----------------------------------------------------------------------------------------------------------------------  -----  ---------  --------  ----------  --------------  -------------------
/root/airflow/dags/dag_examne.py                                                                                                                  1           0  5.95s           2024-07-20T03:44:29
/usr/local/lib/python3.11/site-packages/airflow/example_dags/example_setup_teardown.py                                                            1           0  2.31s           2024-07-20T03:44:32
/usr/local/lib/python3.11/site-packages/airflow/example_dags/example_python_operator.py                                                           1           0  0.91s           2024-07-20T03:44:40
/usr/local/lib/python3.11/site-packages/airflow/example_dags/example_short_circuit_decorator.py                                                   1           0  0.81s           2024-07-20T03:44:42
/usr/local/lib/python3.11/site-packages/airflow/example_dags/example_sla_dag.py                                                                   1           0  0.61s           2024-07-20T03:44:55
/usr/local/lib/python3.11/site-packages/airflow/example_dags/example_skip_dag.py                                                                  1           0  0.61s           2024-07-20T03:45:27
/usr/local/lib/python3.11/site-packages/airflow/example_dags/example_sensors.py                                                                   1           0  0.40s           2024-07-20T03:44:37
/usr/local/lib/python3.11/site-packages/airflow/example_dags/tutorial_taskflow_api.py                                                             1           0  0.40s           2024-07-20T03:44:36
/usr/local/lib/python3.11/site-packages/airflow/example_dags/tutorial.py                                                                          1           0  0.40s           2024-07-20T03:44:34
/usr/local/lib/python3.11/site-packages/airflow/example_dags/example_task_group_decorator.py                                                      1           0  0.40s           2024-07-20T03:44:38
/usr/local/lib/python3.11/site-packages/airflow/example_dags/tutorial_taskflow_api_virtualenv.py                                                  0           0  0.10s           2024-07-20T03:44:33
/usr/local/lib/python3.11/site-packages/airflow/example_dags/example_dynamic_task_mapping_with_no_taskflow_operators.py                           0           0
/usr/local/lib/python3.11/site-packages/airflow/example_dags/example_dag_decorator.py                                                             0           0
/usr/local/lib/python3.11/site-packages/airflow/example_dags/example_bash_decorator.py                                                            0           0
/usr/local/lib/python3.11/site-packages/airflow/example_dags/example_nested_branch_dag.py                                                         0           0
/usr/local/lib/python3.11/site-packages/airflow/example_dags/example_branch_day_of_week_operator.py                                               0           0
/usr/local/lib/python3.11/site-packages/airflow/example_dags/example_branch_operator.py                                                           0           0
/usr/local/lib/python3.11/site-packages/airflow/example_dags/example_kubernetes_executor.py                                                       0           0
/usr/local/lib/python3.11/site-packages/airflow/example_dags/example_display_name.py                                                              0           0
/usr/local/lib/python3.11/site-packages/airflow/example_dags/example_params_trigger_ui.py                                                         0           0
/usr/local/lib/python3.11/site-packages/airflow/example_dags/example_dynamic_task_mapping.py                                                      0           0
/usr/local/lib/python3.11/site-packages/airflow/example_dags/example_branch_labels.py                                                             0           0
/usr/local/lib/python3.11/site-packages/airflow/example_dags/example_complex.py                                                                   0           0
/usr/local/lib/python3.11/site-packages/airflow/example_dags/example_passing_params_via_test_command.py                                           0           0
/usr/local/lib/python3.11/site-packages/airflow/example_dags/example_branch_python_dop_operator_3.py                                              0           0
/usr/local/lib/python3.11/site-packages/airflow/example_dags/example_datasets.py                                                                  0           0
/usr/local/lib/python3.11/site-packages/airflow/example_dags/example_params_ui_tutorial.py                                                        0           0
/usr/local/lib/python3.11/site-packages/airflow/example_dags/example_latest_only.py                                                               0           0
/usr/local/lib/python3.11/site-packages/airflow/example_dags/example_trigger_controller_dag.py                                                    0           0
/usr/local/lib/python3.11/site-packages/airflow/example_dags/example_xcomargs.py                                                                  0           0
/usr/local/lib/python3.11/site-packages/airflow/example_dags/tutorial_objectstorage.py                                                            0           0
/usr/local/lib/python3.11/site-packages/airflow/example_dags/example_xcom.py                                                                      0           0
/usr/local/lib/python3.11/site-packages/airflow/example_dags/example_task_group.py                                                                0           0
/usr/local/lib/python3.11/site-packages/airflow/example_dags/example_latest_only_with_trigger.py                                                  0           0
/usr/local/lib/python3.11/site-packages/airflow/example_dags/tutorial_dag.py                                                                      0           0
/usr/local/lib/python3.11/site-packages/airflow/example_dags/example_subdag_operator.py                                                           0           0
/usr/local/lib/python3.11/site-packages/airflow/example_dags/example_branch_datetime_operator.py                                                  0           0
/usr/local/lib/python3.11/site-packages/airflow/example_dags/example_short_circuit_operator.py                                                    0           0
/usr/local/lib/python3.11/site-packages/airflow/example_dags/example_bash_operator.py                                                             0           0
/usr/local/lib/python3.11/site-packages/airflow/example_dags/example_branch_operator_decorator.py                                                 0           0
/usr/local/lib/python3.11/site-packages/airflow/example_dags/example_python_decorator.py                                                          0           0
/usr/local/lib/python3.11/site-packages/airflow/example_dags/example_setup_teardown_taskflow.py                                                   0           0
/usr/local/lib/python3.11/site-packages/airflow/example_dags/example_time_delta_sensor_async.py                                                   0           0
/usr/local/lib/python3.11/site-packages/airflow/example_dags/example_sensor_decorator.py                                                          0           0
/usr/local/lib/python3.11/site-packages/airflow/example_dags/example_local_kubernetes_executor.py                                                 0           0
/usr/local/lib/python3.11/site-packages/airflow/example_dags/example_trigger_target_dag.py                                                        0           0
/usr/local/lib/python3.11/site-packages/airflow/example_dags/example_external_task_marker_dag.py                                                  0           0
/usr/local/lib/python3.11/site-packages/airflow/example_dags/plugins/workday.py                                                                   0           0
/usr/local/lib/python3.11/site-packages/airflow/example_dags/plugins/event_listener.py                                                            0           0
/usr/local/lib/python3.11/site-packages/airflow/example_dags/plugins/decreasing_priority_weight_strategy.py                                       0           0
/usr/local/lib/python3.11/site-packages/airflow/example_dags/plugins/listener_plugin.py                                                           0           0
/usr/local/lib/python3.11/site-packages/airflow/example_dags/subdags/subdag.py                                                                    0           0
================================================================================
[2024-07-20T03:49:26.166+0000] {manager.py:452} INFO - Exiting gracefully upon receiving signal 15
[2024-07-20T03:49:26.425+0000] {manager.py:470} INFO - Processing files using up to 1 processes at a time 
[2024-07-20T03:49:26.427+0000] {manager.py:471} INFO - Process each file at most once every 30 seconds
[2024-07-20T03:49:26.429+0000] {manager.py:472} INFO - Checking for new files in /root/airflow/dags every 300 seconds
[2024-07-20T03:49:26.431+0000] {manager.py:737} INFO - Searching for files in /root/airflow/dags
[2024-07-20T03:49:26.531+0000] {manager.py:740} INFO - There are 52 files in /root/airflow/dags
